[     139ms] [INFO] %cDownload the React DevTools for a better development experience: https://react.dev/link/react-devtools font-weight:bold @ http://localhost:3001/_next/static/chunks/node_modules_next_dist_1ybzpk2._.js:2477
[     194ms] [LOG] [HMR] connected @ http://localhost:3001/_next/static/chunks/node_modules_next_dist_1ybzpk2._.js:2477
[     375ms] [LOG] [Fast Refresh] rebuilding @ http://localhost:3001/_next/static/chunks/node_modules_next_dist_1ybzpk2._.js:2477
[     423ms] [LOG] [Fast Refresh] done in 151ms @ http://localhost:3001/_next/static/chunks/node_modules_next_dist_1ybzpk2._.js:2477
[   20341ms] [LOG] [Fast Refresh] rebuilding @ http://localhost:3001/_next/static/chunks/node_modules_next_dist_1ybzpk2._.js:2477
[   20366ms] [LOG] [Fast Refresh] done in 124ms @ http://localhost:3001/_next/static/chunks/node_modules_next_dist_1ybzpk2._.js:2477
[   60349ms] [LOG] [Fast Refresh] rebuilding @ http://localhost:3001/_next/static/chunks/node_modules_next_dist_1ybzpk2._.js:2477
[   60374ms] [LOG] [Fast Refresh] done in 126ms @ http://localhost:3001/_next/static/chunks/node_modules_next_dist_1ybzpk2._.js:2477
[   69415ms] [ERROR] WebSocket connection to 'ws://localhost:3001/_next/webpack-hmr?id=m73cm91FHi6wDaWfwGnET' failed:  @ http://localhost:3001/_next/static/chunks/node_modules_next_dist_client_0r5nbpw._.js:13422
[   70418ms] [ERROR] WebSocket connection to 'ws://localhost:3001/_next/webpack-hmr?id=m73cm91FHi6wDaWfwGnET' failed: Error in connection establishment: net::ERR_CONNECTION_REFUSED @ http://localhost:3001/_next/static/chunks/node_modules_next_dist_client_0r5nbpw._.js:13422
[   71420ms] [ERROR] WebSocket connection to 'ws://localhost:3001/_next/webpack-hmr?id=m73cm91FHi6wDaWfwGnET' failed: Error in connection establishment: net::ERR_CONNECTION_REFUSED @ http://localhost:3001/_next/static/chunks/node_modules_next_dist_client_0r5nbpw._.js:13422
[   72422ms] [ERROR] WebSocket connection to 'ws://localhost:3001/_next/webpack-hmr?id=m73cm91FHi6wDaWfwGnET' failed: Error in connection establishment: net::ERR_CONNECTION_REFUSED @ http://localhost:3001/_next/static/chunks/node_modules_next_dist_client_0r5nbpw._.js:13422
[   73427ms] [ERROR] WebSocket connection to 'ws://localhost:3001/_next/webpack-hmr?id=m73cm91FHi6wDaWfwGnET' failed: Error in connection establishment: net::ERR_CONNECTION_REFUSED @ http://localhost:3001/_next/static/chunks/node_modules_next_dist_client_0r5nbpw._.js:13422
[   74431ms] [ERROR] WebSocket connection to 'ws://localhost:3001/_next/webpack-hmr?id=m73cm91FHi6wDaWfwGnET' failed: Error in connection establishment: net::ERR_CONNECTION_REFUSED @ http://localhost:3001/_next/static/chunks/node_modules_next_dist_client_0r5nbpw._.js:13422
[   79439ms] [ERROR] WebSocket connection to 'ws://localhost:3001/_next/webpack-hmr?id=m73cm91FHi6wDaWfwGnET' failed: Error in connection establishment: net::ERR_CONNECTION_REFUSED @ http://localhost:3001/_next/static/chunks/node_modules_next_dist_client_0r5nbpw._.js:13422
[   80246ms] [ERROR] Failed to load resource: net::ERR_CONNECTION_REFUSED @ http://localhost:3001/api/reconcile:0
[   84450ms] [ERROR] WebSocket connection to 'ws://localhost:3001/_next/webpack-hmr?id=m73cm91FHi6wDaWfwGnET' failed: Error in connection establishment: net::ERR_CONNECTION_REFUSED @ http://localhost:3001/_next/static/chunks/node_modules_next_dist_client_0r5nbpw._.js:13422
[   89464ms] [ERROR] WebSocket connection to 'ws://localhost:3001/_next/webpack-hmr?id=m73cm91FHi6wDaWfwGnET' failed: Error in connection establishment: net::ERR_CONNECTION_REFUSED @ http://localhost:3001/_next/static/chunks/node_modules_next_dist_client_0r5nbpw._.js:13422
[   94493ms] [ERROR] WebSocket connection to 'ws://localhost:3001/_next/webpack-hmr?id=m73cm91FHi6wDaWfwGnET' failed: Error in connection establishment: net::ERR_CONNECTION_REFUSED @ http://localhost:3001/_next/static/chunks/node_modules_next_dist_client_0r5nbpw._.js:13422
[   99554ms] [ERROR] WebSocket connection to 'ws://localhost:3001/_next/webpack-hmr?id=m73cm91FHi6wDaWfwGnET' failed: Error in connection establishment: net::ERR_CONNECTION_REFUSED @ http://localhost:3001/_next/static/chunks/node_modules_next_dist_client_0r5nbpw._.js:13422
[  100247ms] [ERROR] Failed to load resource: net::ERR_CONNECTION_REFUSED @ http://localhost:3001/api/reconcile:0
[  104674ms] [ERROR] WebSocket connection to 'ws://localhost:3001/_next/webpack-hmr?id=m73cm91FHi6wDaWfwGnET' failed: Error in connection establishment: net::ERR_CONNECTION_REFUSED @ http://localhost:3001/_next/static/chunks/node_modules_next_dist_client_0r5nbpw._.js:13422
[  109777ms] [ERROR] WebSocket connection to 'ws://localhost:3001/_next/webpack-hmr?id=m73cm91FHi6wDaWfwGnET' failed: Error in connection establishment: net::ERR_CONNECTION_REFUSED @ http://localhost:3001/_next/static/chunks/node_modules_next_dist_client_0r5nbpw._.js:13422
